output is: # Binaryify

Want to bundle a wasm file, image, or other data into your JavaScript CLI program? Then this is the tool for you.

```sh
deno install -Afg https://deno.land/x/binaryify@2.5.4.0/binaryify.js
# might need
export PATH="$HOME/.deno/bin:$PATH"

# usage
binaryify -- YOUR_FILE.wasm

# outputs:
#    // paths have been generated!
#    // add this wherever you need it now:
#
#    // NOTE: this is auto-updating!
#    // if you change the YOUR_FILE.wasm, YOUR_FILE.wasm.binaryified.js will change too!
#    import uint8ArrayForYourFile from "./YOUR_FILE.wasm.binaryified.js"
```


You can use the interface programatically as well:
 
```js
import { binaryify } from "https://deno.land/x/binaryify@2.5.4.0/binaryify_api.js"
await binaryify({
    pathToBinary: "your_thing.png",
    pathToBinarified: "your_thing.png.binaryified.js",
    disableSelfUpdating: false, // default is false
    forceExportString: false, // NOTE: making this true is only useful if you're binaryify a text file
                              // when this is true, instead of exporting Uint8Array, it will export a string
})
```

Then import the binaryified file file like this: 
```js
import uint8ArrayOfYourFile from "./your_thing.png.binaryified.js"
console.log(uint8ArrayOfYourFile) // Uint8Array with a bunch of bytes
```

You can even binaryify stuff client-side on the web!
 
```js
import { pureBinaryify } from "https://deno.land/x/binaryify@2.5.4.0/tools.js"
const uint8ArrayFromAFile = new Uint8Array(new ArrayBuffer(7))
const jsFileString = pureBinaryify(uint8ArrayFromAFile)
```
